<?xml version="1.0" encoding="UTF-8"?>
<!-- Generated by org.testng.reporters.JUnitReportReporter -->
<testsuite hostname="DESKTOP-6JEM0JT" name="com.qa.TestCases.LoginPageTest" tests="1" failures="0" timestamp="28 Mar 2020 22:40:52 GMT" time="23.430" errors="0">
  <testcase name="Log" time="23.430" classname="com.qa.TestCases.LoginPageTest"/>
</testsuite> <!-- com.qa.TestCases.LoginPageTest -->
