<?xml version="1.0" encoding="UTF-8"?>
<!-- Generated by org.testng.reporters.JUnitReportReporter -->
<testsuite hostname="DESKTOP-6JEM0JT" name="com.qa.TestCases.HomePageTest" tests="1" failures="0" timestamp="1 Apr 2020 16:26:55 GMT" time="13.858" errors="0">
  <testcase name="Log" time="13.858" classname="com.qa.TestCases.HomePageTest"/>
</testsuite> <!-- com.qa.TestCases.HomePageTest -->
